{
  "0 debug pnpm:scope": {
    "selected": 1
  },
  "1 error pnpm": {
    "code": "ELIFECYCLE",
    "errno": "ENOENT",
    "syscall": "spawn",
    "file": "sh",
    "pkgid": "qunit-dom@2.0.0",
    "stage": "test:coverage",
    "script": "jest --coverage",
    "pkgname": "qunit-dom",
    "err": {
      "name": "pnpm",
      "message": "qunit-dom@2.0.0 test:coverage: `jest --coverage`\nspawn ENOENT",
      "code": "ELIFECYCLE",
      "stack": "pnpm: qunit-dom@2.0.0 test:coverage: `jest --coverage`\nspawn ENOENT\n    at ChildProcess.<anonymous> (/Users/tbieniek/.volta/tools/image/node/14.18.1/pnpm-global/5/node_modules/.pnpm/pnpm@6.19.1/node_modules/pnpm/dist/pnpm.cjs:92977:22)\n    at ChildProcess.emit (events.js:400:28)\n    at maybeClose (internal/child_process.js:1058:16)\n    at Process.ChildProcess._handle.onexit (internal/child_process.js:293:5)"
    }
  },
  "2 warn pnpm:global": " Local package.json exists, but node_modules missing, did you mean to install?"
}